<?xml version="1.0"?>
<!DOCTYPE coverage SYSTEM "http://cobertura.sourceforge.net/xml/coverage-04.dtd">

<coverage line-rate="0.8559322033898306" branch-rate="0.7954545454545454" lines-covered="101" lines-valid="118" branches-covered="35" branches-valid="44" complexity="2.7777777777777777" version="2.1.1" timestamp="1432493179348">
	<sources>
		<source>/home/eduardo/git/freemarker-scripting/target/checkout/src/main/java</source>
		<source>--source</source>
		<source>/home/eduardo/git/freemarker-scripting/target/checkout/target/generated-sources/annotations</source>
	</sources>
	<packages>
		<package name="org.mybatis.scripting.freemarker" line-rate="0.8559322033898306" branch-rate="0.7954545454545454" complexity="2.7777777777777777">
			<classes>
				<class name="org.mybatis.scripting.freemarker.FreeMarkerLanguageDriver" filename="org/mybatis/scripting/freemarker/FreeMarkerLanguageDriver.java" line-rate="0.7941176470588235" branch-rate="1.0" complexity="1.7142857142857142">
					<methods>
						<method name="&lt;clinit&gt;" signature="()V" line-rate="0.7272727272727273" branch-rate="1.0" complexity="0">
							<lines>
								<line number="51" hits="1" branch="false"/>
								<line number="53" hits="1" branch="false"/>
								<line number="55" hits="1" branch="false"/>
								<line number="56" hits="1" branch="false"/>
								<line number="57" hits="1" branch="false"/>
								<line number="59" hits="0" branch="false"/>
								<line number="61" hits="1" branch="false"/>
								<line number="62" hits="0" branch="false"/>
								<line number="63" hits="0" branch="false"/>
								<line number="64" hits="1" branch="false"/>
								<line number="65" hits="1" branch="false"/>
							</lines>
						</method>
						<method name="&lt;init&gt;" signature="()V" line-rate="1.0" branch-rate="1.0" complexity="0">
							<lines>
								<line number="69" hits="4" branch="false"/>
								<line number="70" hits="4" branch="false"/>
								<line number="71" hits="4" branch="false"/>
							</lines>
						</method>
						<method name="createFreeMarkerConfiguration" signature="()Lfreemarker/template/Configuration;" line-rate="1.0" branch-rate="1.0" complexity="0">
							<lines>
								<line number="119" hits="4" branch="false"/>
								<line number="121" hits="4" branch="false"/>
								<line number="122" hits="4" branch="false"/>
								<line number="125" hits="4" branch="false"/>
								<line number="128" hits="4" branch="false"/>
								<line number="130" hits="4" branch="false"/>
							</lines>
						</method>
						<method name="createParameterHandler" signature="(Lorg/apache/ibatis/mapping/MappedStatement;Ljava/lang/Object;Lorg/apache/ibatis/mapping/BoundSql;)Lorg/apache/ibatis/executor/parameter/ParameterHandler;" line-rate="1.0" branch-rate="1.0" complexity="0">
							<lines>
								<line number="84" hits="13" branch="false"/>
							</lines>
						</method>
						<method name="createSqlSource" signature="(Lfreemarker/template/Template;Lorg/apache/ibatis/session/Configuration;)Lorg/apache/ibatis/mapping/SqlSource;" line-rate="1.0" branch-rate="1.0" complexity="0">
							<lines>
								<line number="134" hits="13" branch="false"/>
							</lines>
						</method>
						<method name="createSqlSource" signature="(Lorg/apache/ibatis/session/Configuration;Ljava/lang/String;)Lorg/apache/ibatis/mapping/SqlSource;" line-rate="0.6" branch-rate="1.0" complexity="0">
							<lines>
								<line number="139" hits="14" branch="true" condition-coverage="100% (2/2)">
									<conditions>
										<condition number="0" type="jump" coverage="100%"/>
									</conditions>
								</line>
								<line number="142" hits="6" branch="false"/>
								<line number="143" hits="0" branch="false"/>
								<line number="144" hits="0" branch="false"/>
								<line number="145" hits="6" branch="false"/>
								<line number="149" hits="8" branch="false"/>
								<line number="150" hits="0" branch="false"/>
								<line number="151" hits="0" branch="false"/>
								<line number="152" hits="8" branch="false"/>
								<line number="155" hits="14" branch="false"/>
							</lines>
						</method>
						<method name="createSqlSource" signature="(Lorg/apache/ibatis/session/Configuration;Ljava/lang/String;Ljava/lang/Class;)Lorg/apache/ibatis/mapping/SqlSource;" line-rate="1.0" branch-rate="1.0" complexity="0">
							<lines>
								<line number="110" hits="9" branch="false"/>
							</lines>
						</method>
						<method name="createSqlSource" signature="(Lorg/apache/ibatis/session/Configuration;Lorg/apache/ibatis/parsing/XNode;Ljava/lang/Class;)Lorg/apache/ibatis/mapping/SqlSource;" line-rate="1.0" branch-rate="1.0" complexity="0">
							<lines>
								<line number="97" hits="5" branch="false"/>
							</lines>
						</method>
					</methods>
					<lines>
						<line number="51" hits="1" branch="false"/>
						<line number="53" hits="1" branch="false"/>
						<line number="55" hits="1" branch="false"/>
						<line number="56" hits="1" branch="false"/>
						<line number="57" hits="1" branch="false"/>
						<line number="59" hits="0" branch="false"/>
						<line number="61" hits="1" branch="false"/>
						<line number="62" hits="0" branch="false"/>
						<line number="63" hits="0" branch="false"/>
						<line number="64" hits="1" branch="false"/>
						<line number="65" hits="1" branch="false"/>
						<line number="69" hits="4" branch="false"/>
						<line number="70" hits="4" branch="false"/>
						<line number="71" hits="4" branch="false"/>
						<line number="84" hits="13" branch="false"/>
						<line number="97" hits="5" branch="false"/>
						<line number="110" hits="9" branch="false"/>
						<line number="119" hits="4" branch="false"/>
						<line number="121" hits="4" branch="false"/>
						<line number="122" hits="4" branch="false"/>
						<line number="125" hits="4" branch="false"/>
						<line number="128" hits="4" branch="false"/>
						<line number="130" hits="4" branch="false"/>
						<line number="134" hits="13" branch="false"/>
						<line number="139" hits="14" branch="true" condition-coverage="100% (2/2)">
							<conditions>
								<condition number="0" type="jump" coverage="100%"/>
							</conditions>
						</line>
						<line number="142" hits="6" branch="false"/>
						<line number="143" hits="0" branch="false"/>
						<line number="144" hits="0" branch="false"/>
						<line number="145" hits="6" branch="false"/>
						<line number="149" hits="8" branch="false"/>
						<line number="150" hits="0" branch="false"/>
						<line number="151" hits="0" branch="false"/>
						<line number="152" hits="8" branch="false"/>
						<line number="155" hits="14" branch="false"/>
					</lines>
				</class>
				<class name="org.mybatis.scripting.freemarker.FreeMarkerSqlSource" filename="org/mybatis/scripting/freemarker/FreeMarkerSqlSource.java" line-rate="0.9459459459459459" branch-rate="1.0" complexity="4.333333333333333">
					<methods>
						<method name="&lt;init&gt;" signature="(Lfreemarker/template/Template;Lorg/apache/ibatis/session/Configuration;)V" line-rate="1.0" branch-rate="1.0" complexity="0">
							<lines>
								<line number="44" hits="14" branch="false"/>
								<line number="45" hits="14" branch="false"/>
								<line number="46" hits="14" branch="false"/>
								<line number="47" hits="14" branch="false"/>
							</lines>
						</method>
						<method name="getBoundSql" signature="(Ljava/lang/Object;)Lorg/apache/ibatis/mapping/BoundSql;" line-rate="0.9310344827586207" branch-rate="1.0" complexity="0">
							<lines>
								<line number="67" hits="14" branch="false"/>
								<line number="68" hits="14" branch="true" condition-coverage="100% (2/2)">
									<conditions>
										<condition number="0" type="jump" coverage="100%"/>
									</conditions>
								</line>
								<line number="69" hits="11" branch="true" condition-coverage="100% (2/2)">
									<conditions>
										<condition number="0" type="jump" coverage="100%"/>
									</conditions>
								</line>
								<line number="70" hits="6" branch="false"/>
								<line number="71" hits="6" branch="false"/>
								<line number="72" hits="6" branch="false"/>
								<line number="73" hits="6" branch="false"/>
								<line number="74" hits="5" branch="false"/>
								<line number="75" hits="5" branch="false"/>
								<line number="76" hits="5" branch="false"/>
								<line number="78" hits="3" branch="false"/>
								<line number="79" hits="3" branch="false"/>
								<line number="80" hits="3" branch="false"/>
								<line number="83" hits="14" branch="false"/>
								<line number="85" hits="14" branch="false"/>
								<line number="86" hits="0" branch="false"/>
								<line number="87" hits="0" branch="false"/>
								<line number="88" hits="14" branch="false"/>
								<line number="92" hits="14" branch="false"/>
								<line number="94" hits="14" branch="true" condition-coverage="100% (2/2)">
									<conditions>
										<condition number="0" type="jump" coverage="100%"/>
									</conditions>
								</line>
								<line number="95" hits="3" branch="true" condition-coverage="100% (2/2)">
									<conditions>
										<condition number="0" type="jump" coverage="100%"/>
									</conditions>
								</line>
								<line number="96" hits="1" branch="false"/>
								<line number="100" hits="2" branch="false"/>
								<line number="101" hits="10" branch="true" condition-coverage="100% (2/2)">
									<conditions>
										<condition number="0" type="jump" coverage="100%"/>
									</conditions>
								</line>
								<line number="102" hits="8" branch="false"/>
								<line number="107" hits="13" branch="false"/>
								<line number="108" hits="13" branch="true" condition-coverage="100% (2/2)">
									<conditions>
										<condition number="0" type="jump" coverage="100%"/>
									</conditions>
								</line>
								<line number="109" hits="13" branch="false"/>
								<line number="110" hits="13" branch="false"/>
							</lines>
						</method>
						<method name="preProcessDataContext" signature="(Ljava/lang/Object;Z)Ljava/lang/Object;" line-rate="1.0" branch-rate="1.0" complexity="0">
							<lines>
								<line number="54" hits="14" branch="true" condition-coverage="100% (2/2)">
									<conditions>
										<condition number="0" type="jump" coverage="100%"/>
									</conditions>
								</line>
								<line number="55" hits="9" branch="false"/>
								<line number="57" hits="5" branch="false"/>
								<line number="59" hits="14" branch="false"/>
							</lines>
						</method>
					</methods>
					<lines>
						<line number="44" hits="14" branch="false"/>
						<line number="45" hits="14" branch="false"/>
						<line number="46" hits="14" branch="false"/>
						<line number="47" hits="14" branch="false"/>
						<line number="54" hits="14" branch="true" condition-coverage="100% (2/2)">
							<conditions>
								<condition number="0" type="jump" coverage="100%"/>
							</conditions>
						</line>
						<line number="55" hits="9" branch="false"/>
						<line number="57" hits="5" branch="false"/>
						<line number="59" hits="14" branch="false"/>
						<line number="67" hits="14" branch="false"/>
						<line number="68" hits="14" branch="true" condition-coverage="100% (2/2)">
							<conditions>
								<condition number="0" type="jump" coverage="100%"/>
							</conditions>
						</line>
						<line number="69" hits="11" branch="true" condition-coverage="100% (2/2)">
							<conditions>
								<condition number="0" type="jump" coverage="100%"/>
							</conditions>
						</line>
						<line number="70" hits="6" branch="false"/>
						<line number="71" hits="6" branch="false"/>
						<line number="72" hits="6" branch="false"/>
						<line number="73" hits="6" branch="false"/>
						<line number="74" hits="5" branch="false"/>
						<line number="75" hits="5" branch="false"/>
						<line number="76" hits="5" branch="false"/>
						<line number="78" hits="3" branch="false"/>
						<line number="79" hits="3" branch="false"/>
						<line number="80" hits="3" branch="false"/>
						<line number="83" hits="14" branch="false"/>
						<line number="85" hits="14" branch="false"/>
						<line number="86" hits="0" branch="false"/>
						<line number="87" hits="0" branch="false"/>
						<line number="88" hits="14" branch="false"/>
						<line number="92" hits="14" branch="false"/>
						<line number="94" hits="14" branch="true" condition-coverage="100% (2/2)">
							<conditions>
								<condition number="0" type="jump" coverage="100%"/>
							</conditions>
						</line>
						<line number="95" hits="3" branch="true" condition-coverage="100% (2/2)">
							<conditions>
								<condition number="0" type="jump" coverage="100%"/>
							</conditions>
						</line>
						<line number="96" hits="1" branch="false"/>
						<line number="100" hits="2" branch="false"/>
						<line number="101" hits="10" branch="true" condition-coverage="100% (2/2)">
							<conditions>
								<condition number="0" type="jump" coverage="100%"/>
							</conditions>
						</line>
						<line number="102" hits="8" branch="false"/>
						<line number="107" hits="13" branch="false"/>
						<line number="108" hits="13" branch="true" condition-coverage="100% (2/2)">
							<conditions>
								<condition number="0" type="jump" coverage="100%"/>
							</conditions>
						</line>
						<line number="109" hits="13" branch="false"/>
						<line number="110" hits="13" branch="false"/>
					</lines>
				</class>
				<class name="org.mybatis.scripting.freemarker.GeneratedParamsTemplateModel" filename="org/mybatis/scripting/freemarker/GeneratedParamsTemplateModel.java" line-rate="1.0" branch-rate="1.0" complexity="1.0">
					<methods>
						<method name="&lt;init&gt;" signature="(Ljava/util/List;)V" line-rate="1.0" branch-rate="1.0" complexity="0">
							<lines>
								<line number="31" hits="5" branch="false"/>
								<line number="32" hits="5" branch="false"/>
								<line number="33" hits="5" branch="false"/>
							</lines>
						</method>
						<method name="getGeneratedParams" signature="()Ljava/util/List;" line-rate="1.0" branch-rate="1.0" complexity="0">
							<lines>
								<line number="36" hits="5" branch="false"/>
							</lines>
						</method>
					</methods>
					<lines>
						<line number="31" hits="5" branch="false"/>
						<line number="32" hits="5" branch="false"/>
						<line number="33" hits="5" branch="false"/>
						<line number="36" hits="5" branch="false"/>
					</lines>
				</class>
				<class name="org.mybatis.scripting.freemarker.MyBatisParamDirective" filename="org/mybatis/scripting/freemarker/MyBatisParamDirective.java" line-rate="0.7857142857142857" branch-rate="0.625" complexity="10.0">
					<methods>
						<method name="&lt;clinit&gt;" signature="()V" line-rate="1.0" branch-rate="1.0" complexity="0">
							<lines>
								<line number="57" hits="1" branch="false"/>
							</lines>
						</method>
						<method name="&lt;init&gt;" signature="()V" line-rate="1.0" branch-rate="1.0" complexity="0">
							<lines>
								<line number="56" hits="14" branch="false"/>
							</lines>
						</method>
						<method name="execute" signature="(Lfreemarker/core/Environment;Ljava/util/Map;[Lfreemarker/template/TemplateModel;Lfreemarker/template/TemplateDirectiveBody;)V" line-rate="0.7692307692307693" branch-rate="0.625" complexity="0">
							<lines>
								<line number="61" hits="21" branch="false"/>
								<line number="62" hits="21" branch="true" condition-coverage="100% (2/2)">
									<conditions>
										<condition number="0" type="jump" coverage="100%"/>
									</conditions>
								</line>
								<line number="63" hits="13" branch="false"/>
								<line number="65" hits="13" branch="true" condition-coverage="50% (1/2)">
									<conditions>
										<condition number="0" type="jump" coverage="50%"/>
									</conditions>
								</line>
								<line number="66" hits="0" branch="false"/>
								<line number="67" hits="13" branch="true" condition-coverage="100% (2/2)">
									<conditions>
										<condition number="0" type="jump" coverage="100%"/>
									</conditions>
								</line>
								<line number="68" hits="1" branch="false"/>
								<line number="69" hits="12" branch="true" condition-coverage="100% (2/2)">
									<conditions>
										<condition number="0" type="jump" coverage="100%"/>
									</conditions>
								</line>
								<line number="70" hits="8" branch="false"/>
								<line number="71" hits="4" branch="true" condition-coverage="50% (1/2)">
									<conditions>
										<condition number="0" type="jump" coverage="50%"/>
									</conditions>
								</line>
								<line number="72" hits="4" branch="false"/>
								<line number="73" hits="0" branch="true" condition-coverage="0% (0/2)">
									<conditions>
										<condition number="0" type="jump" coverage="0%"/>
									</conditions>
								</line>
								<line number="74" hits="0" branch="false"/>
								<line number="75" hits="0" branch="true" condition-coverage="0% (0/2)">
									<conditions>
										<condition number="0" type="jump" coverage="0%"/>
									</conditions>
								</line>
								<line number="76" hits="0" branch="false"/>
								<line number="78" hits="0" branch="false"/>
								<line number="83" hits="13" branch="false"/>
								<line number="85" hits="13" branch="true" condition-coverage="100% (2/2)">
									<conditions>
										<condition number="0" type="jump" coverage="100%"/>
									</conditions>
								</line>
								<line number="86" hits="8" branch="false"/>
								<line number="88" hits="5" branch="false"/>
								<line number="91" hits="13" branch="false"/>
								<line number="92" hits="13" branch="false"/>
								<line number="93" hits="13" branch="false"/>
								<line number="94" hits="13" branch="false"/>
								<line number="95" hits="8" branch="false"/>
								<line number="97" hits="21" branch="false"/>
							</lines>
						</method>
					</methods>
					<lines>
						<line number="56" hits="14" branch="false"/>
						<line number="57" hits="1" branch="false"/>
						<line number="61" hits="21" branch="false"/>
						<line number="62" hits="21" branch="true" condition-coverage="100% (2/2)">
							<conditions>
								<condition number="0" type="jump" coverage="100%"/>
							</conditions>
						</line>
						<line number="63" hits="13" branch="false"/>
						<line number="65" hits="13" branch="true" condition-coverage="50% (1/2)">
							<conditions>
								<condition number="0" type="jump" coverage="50%"/>
							</conditions>
						</line>
						<line number="66" hits="0" branch="false"/>
						<line number="67" hits="13" branch="true" condition-coverage="100% (2/2)">
							<conditions>
								<condition number="0" type="jump" coverage="100%"/>
							</conditions>
						</line>
						<line number="68" hits="1" branch="false"/>
						<line number="69" hits="12" branch="true" condition-coverage="100% (2/2)">
							<conditions>
								<condition number="0" type="jump" coverage="100%"/>
							</conditions>
						</line>
						<line number="70" hits="8" branch="false"/>
						<line number="71" hits="4" branch="true" condition-coverage="50% (1/2)">
							<conditions>
								<condition number="0" type="jump" coverage="50%"/>
							</conditions>
						</line>
						<line number="72" hits="4" branch="false"/>
						<line number="73" hits="0" branch="true" condition-coverage="0% (0/2)">
							<conditions>
								<condition number="0" type="jump" coverage="0%"/>
							</conditions>
						</line>
						<line number="74" hits="0" branch="false"/>
						<line number="75" hits="0" branch="true" condition-coverage="0% (0/2)">
							<conditions>
								<condition number="0" type="jump" coverage="0%"/>
							</conditions>
						</line>
						<line number="76" hits="0" branch="false"/>
						<line number="78" hits="0" branch="false"/>
						<line number="83" hits="13" branch="false"/>
						<line number="85" hits="13" branch="true" condition-coverage="100% (2/2)">
							<conditions>
								<condition number="0" type="jump" coverage="100%"/>
							</conditions>
						</line>
						<line number="86" hits="8" branch="false"/>
						<line number="88" hits="5" branch="false"/>
						<line number="91" hits="13" branch="false"/>
						<line number="92" hits="13" branch="false"/>
						<line number="93" hits="13" branch="false"/>
						<line number="94" hits="13" branch="false"/>
						<line number="95" hits="8" branch="false"/>
						<line number="97" hits="21" branch="false"/>
					</lines>
				</class>
				<class name="org.mybatis.scripting.freemarker.ParamObjectAdapter" filename="org/mybatis/scripting/freemarker/ParamObjectAdapter.java" line-rate="0.8666666666666667" branch-rate="0.75" complexity="2.6">
					<methods>
						<method name="&lt;init&gt;" signature="(Ljava/lang/Object;Ljava/util/ArrayList;)V" line-rate="1.0" branch-rate="1.0" complexity="0">
							<lines>
								<line number="36" hits="5" branch="false"/>
								<line number="37" hits="5" branch="false"/>
								<line number="38" hits="5" branch="false"/>
								<line number="39" hits="5" branch="false"/>
							</lines>
						</method>
						<method name="get" signature="(Ljava/lang/String;)Lfreemarker/template/TemplateModel;" line-rate="1.0" branch-rate="0.8" complexity="0">
							<lines>
								<line number="58" hits="21" branch="false"/>
								<line number="61" hits="21" branch="true" condition-coverage="83% (5/6)">
									<conditions>
										<condition number="0" type="jump" coverage="100%"/>
										<condition number="1" type="jump" coverage="50%"/>
										<condition number="2" type="jump" coverage="100%"/>
									</conditions>
								</line>
								<line number="62" hits="11" branch="false"/>
								<line number="66" hits="10" branch="true" condition-coverage="75% (3/4)">
									<conditions>
										<condition number="0" type="jump" coverage="100%"/>
										<condition number="1" type="jump" coverage="50%"/>
									</conditions>
								</line>
								<line number="67" hits="5" branch="false"/>
								<line number="70" hits="5" branch="false"/>
							</lines>
						</method>
						<method name="getGeneratedParams" signature="()Ljava/util/ArrayList;" line-rate="0.0" branch-rate="1.0" complexity="0">
							<lines>
								<line number="52" hits="0" branch="false"/>
							</lines>
						</method>
						<method name="isEmpty" signature="()Z" line-rate="0.0" branch-rate="1.0" complexity="0">
							<lines>
								<line number="75" hits="0" branch="false"/>
							</lines>
						</method>
						<method name="putAdditionalParam" signature="(Ljava/lang/String;Lfreemarker/template/TemplateModel;)V" line-rate="1.0" branch-rate="0.5" complexity="0">
							<lines>
								<line number="47" hits="5" branch="true" condition-coverage="50% (1/2)">
									<conditions>
										<condition number="0" type="jump" coverage="50%"/>
									</conditions>
								</line>
								<line number="48" hits="5" branch="false"/>
								<line number="49" hits="5" branch="false"/>
							</lines>
						</method>
					</methods>
					<lines>
						<line number="36" hits="5" branch="false"/>
						<line number="37" hits="5" branch="false"/>
						<line number="38" hits="5" branch="false"/>
						<line number="39" hits="5" branch="false"/>
						<line number="47" hits="5" branch="true" condition-coverage="50% (1/2)">
							<conditions>
								<condition number="0" type="jump" coverage="50%"/>
							</conditions>
						</line>
						<line number="48" hits="5" branch="false"/>
						<line number="49" hits="5" branch="false"/>
						<line number="52" hits="0" branch="false"/>
						<line number="58" hits="21" branch="false"/>
						<line number="61" hits="21" branch="true" condition-coverage="83% (5/6)">
							<conditions>
								<condition number="0" type="jump" coverage="100%"/>
								<condition number="1" type="jump" coverage="50%"/>
								<condition number="2" type="jump" coverage="100%"/>
							</conditions>
						</line>
						<line number="62" hits="11" branch="false"/>
						<line number="66" hits="10" branch="true" condition-coverage="75% (3/4)">
							<conditions>
								<condition number="0" type="jump" coverage="100%"/>
								<condition number="1" type="jump" coverage="50%"/>
							</conditions>
						</line>
						<line number="67" hits="5" branch="false"/>
						<line number="70" hits="5" branch="false"/>
						<line number="75" hits="0" branch="false"/>
					</lines>
				</class>
			</classes>
		</package>
	</packages>
</coverage>
