GROUP,PACKAGE,CLASS,INSTRUCTION_MISSED,INSTRUCTION_COVERED,BRANCH_MISSED,BRANCH_COVERED,LINE_MISSED,LINE_COVERED,COMPLEXITY_MISSED,COMPLEXITY_COVERED,METHOD_MISSED,METHOD_COVERED
MyBatis FreeMarker,org.mybatis.scripting.freemarker,ParamObjectAdapter,7,67,3,9,2,13,5,6,2,3
MyBatis FreeMarker,org.mybatis.scripting.freemarker,GeneratedParamsTemplateModel,0,9,0,0,0,4,0,2,0,2
MyBatis FreeMarker,org.mybatis.scripting.freemarker,FreeMarkerSqlSource,6,155,0,14,2,35,0,10,0,3
MyBatis FreeMarker,org.mybatis.scripting.freemarker,MyBatisParamDirective,34,101,6,10,8,23,4,7,0,3
MyBatis FreeMarker,org.mybatis.scripting.freemarker,FreeMarkerLanguageDriver,50,116,7,5,7,28,5,9,0,8
